<?xml version="1.0" encoding="UTF-8"?>
<testsuite xmlns:xsi="http://www.w3.org/2001/XMLSchema-instance" xsi:noNamespaceSchemaLocation="https://maven.apache.org/surefire/maven-surefire-plugin/xsd/surefire-test-report.xsd" name="com.skerdi.mavenproject.AppTest" time="0.049" tests="1" errors="0" skipped="0" failures="0">
  <properties>
    <property name="java.specification.version" value="22"/>
    <property name="sun.cpu.isalist" value="amd64"/>
    <property name="sun.jnu.encoding" value="Cp1252"/>
    <property name="java.class.path" value="C:\Users\skerd\Desktop\Java Enterprise MPL\MavenProject_Lab2\maven-project\target\test-classes;C:\Users\skerd\Desktop\Java Enterprise MPL\MavenProject_Lab2\maven-project\target\classes;C:\Users\skerd\.m2\repository\junit\junit\4.11\junit-4.11.jar;C:\Users\skerd\.m2\repository\org\hamcrest\hamcrest-core\1.3\hamcrest-core-1.3.jar;"/>
    <property name="java.vm.vendor" value="Oracle Corporation"/>
    <property name="sun.arch.data.model" value="64"/>
    <property name="user.variant" value=""/>
    <property name="java.vendor.url" value="https://java.oracle.com/"/>
    <property name="user.timezone" value="Europe/Budapest"/>
    <property name="os.name" value="Windows 10"/>
    <property name="java.vm.specification.version" value="22"/>
    <property name="sun.java.launcher" value="SUN_STANDARD"/>
    <property name="user.country" value="GB"/>
    <property name="sun.boot.library.path" value="C:\Program Files\Java\jdk-22\bin"/>
    <property name="sun.java.command" value="C:\Users\skerd\AppData\Local\Temp\surefire14197591348820461166\surefirebooter16680383104638803591.jar C:\Users\skerd\AppData\Local\Temp\surefire14197591348820461166 2024-04-02T22-51-41_692-jvmRun1 surefire14723838560020063252tmp surefire_0150435430549316717tmp"/>
    <property name="jdk.debug" value="release"/>
    <property name="surefire.test.class.path" value="C:\Users\skerd\Desktop\Java Enterprise MPL\MavenProject_Lab2\maven-project\target\test-classes;C:\Users\skerd\Desktop\Java Enterprise MPL\MavenProject_Lab2\maven-project\target\classes;C:\Users\skerd\.m2\repository\junit\junit\4.11\junit-4.11.jar;C:\Users\skerd\.m2\repository\org\hamcrest\hamcrest-core\1.3\hamcrest-core-1.3.jar;"/>
    <property name="sun.cpu.endian" value="little"/>
    <property name="user.home" value="C:\Users\skerd"/>
    <property name="user.language" value="en"/>
    <property name="java.specification.vendor" value="Oracle Corporation"/>
    <property name="java.version.date" value="2024-03-19"/>
    <property name="java.home" value="C:\Program Files\Java\jdk-22"/>
    <property name="file.separator" value="\"/>
    <property name="basedir" value="C:\Users\skerd\Desktop\Java Enterprise MPL\MavenProject_Lab2\maven-project"/>
    <property name="java.vm.compressedOopsMode" value="Zero based"/>
    <property name="line.separator" value="&#10;"/>
    <property name="java.vm.specification.vendor" value="Oracle Corporation"/>
    <property name="java.specification.name" value="Java Platform API Specification"/>
    <property name="surefire.real.class.path" value="C:\Users\skerd\AppData\Local\Temp\surefire14197591348820461166\surefirebooter16680383104638803591.jar"/>
    <property name="user.script" value=""/>
    <property name="sun.management.compiler" value="HotSpot 64-Bit Tiered Compilers"/>
    <property name="java.runtime.version" value="22+36-2370"/>
    <property name="user.name" value="skerdi"/>
    <property name="stdout.encoding" value="Cp1252"/>
    <property name="path.separator" value=";"/>
    <property name="os.version" value="10.0"/>
    <property name="java.runtime.name" value="Java(TM) SE Runtime Environment"/>
    <property name="file.encoding" value="UTF-8"/>
    <property name="java.vm.name" value="Java HotSpot(TM) 64-Bit Server VM"/>
    <property name="localRepository" value="C:\Users\skerd\.m2\repository"/>
    <property name="java.vendor.url.bug" value="https://bugreport.java.com/bugreport/"/>
    <property name="java.io.tmpdir" value="C:\Users\skerd\AppData\Local\Temp\"/>
    <property name="java.version" value="22"/>
    <property name="user.dir" value="C:\Users\skerd\Desktop\Java Enterprise MPL\MavenProject_Lab2\maven-project"/>
    <property name="os.arch" value="amd64"/>
    <property name="java.vm.specification.name" value="Java Virtual Machine Specification"/>
    <property name="sun.os.patch.level" value=""/>
    <property name="native.encoding" value="Cp1252"/>
    <property name="java.library.path" value="C:\Program Files\Java\jdk-22\bin;C:\Windows\Sun\Java\bin;C:\Windows\system32;C:\Windows;C:\Program Files\WindowsApps\Microsoft.PowerShell_7.4.1.0_x64__8wekyb3d8bbwe;C:\Users\skerd\AppData\Local\Programs\Python\Python312\Scripts\;C:\Users\skerd\AppData\Local\Programs\Python\Python312\;C:\Program Files\Docker\Docker\resources\bin;C:\Users\skerd\Downloads\Compressed\WINDOWS.X64_193000_db_home\bin;C:\Program Files\Java\jdk-22\bin;C:\Windows\system32;C:\Windows;C:\Windows\System32\Wbem;C:\Windows\System32\WindowsPowerShell\v1.0\;C:\Windows\System32\OpenSSH\;C:\Program Files (x86)\Microsoft SQL Server\160\Tools\Binn\;C:\Program Files\Microsoft SQL Server\160\Tools\Binn\;C:\Program Files\Microsoft SQL Server\Client SDK\ODBC\170\Tools\Binn\;C:\Program Files\Microsoft SQL Server\160\DTS\Binn\;C:\Program Files (x86)\Microsoft SQL Server\160\DTS\Binn\;C:\Program Files (x86)\Intel\Intel(R) Management Engine Components\DAL;C:\Program Files\Intel\Intel(R) Management Engine Components\DAL;C:\Users\skerd\Desktop\platform-tools;C:\Program Files\dotnet\;C:\ProgramData\chocolatey\bin;C:\Program Files\Git\cmd;C:\Program Files\Java\apache-maven-3.9.6\bin;C:\Program Files\PowerShell\7\;C:\Users\skerd\AppData\Roaming\nvm;C:\Program Files\nodejs;C:\Users\skerd\scoop\shims;C:\Program Files\Docker\Docker\resources\bin;C:\Users\skerd\AppData\Local\Microsoft\WindowsApps;C:\Users\skerd\AppData\Local\JetBrains\Toolbox\scripts;C:\Program Files\Azure Data Studio\bin;C:\Users\skerd\AppData\Local\Programs\Microsoft VS Code\bin;C:\Users\skerd\AppData\Local\Programs\oh-my-posh\bin;C:\Users\skerd\.dotnet\tools;C:\Users\skerd\AppData\Local\gitkraken\bin;C:\Users\skerd\AppData\Local\Programs\Fiddler;C:\Users\skerd\AppData\Local\Docker Labs Debug Tools\bin;C:\Users\skerd\AppData\Roaming\npm;C:\Users\skerd\AppData\Roaming\nvm;C:\Program Files\nodejs;."/>
    <property name="java.vm.info" value="mixed mode, sharing"/>
    <property name="stderr.encoding" value="Cp1252"/>
    <property name="java.vendor" value="Oracle Corporation"/>
    <property name="java.vm.version" value="22+36-2370"/>
    <property name="sun.io.unicode.encoding" value="UnicodeLittle"/>
    <property name="java.class.version" value="66.0"/>
  </properties>
  <testcase name="shouldAnswerWithTrue" classname="com.skerdi.mavenproject.AppTest" time="0.004"/>
</testsuite>